Classic Timing Analyzer report for DiplomskiRad
Tue Sep 19 03:08:42 2023
Quartus II Version 9.0 Build 235 06/17/2009 Service Pack 2 SJ Web Edition


---------------------
; Table of Contents ;
---------------------
  1. Legal Notice
  2. Timing Analyzer Summary
  3. Timing Analyzer Settings
  4. Clock Settings Summary
  5. Parallel Compilation
  6. Clock Setup: 'CLK'
  7. tsu
  8. tco
  9. th
 10. Timing Analyzer Messages



----------------
; Legal Notice ;
----------------
Copyright (C) 1991-2009 Altera Corporation
Your use of Altera Corporation's design tools, logic functions 
and other software and tools, and its AMPP partner logic 
functions, and any output files from any of the foregoing 
(including device programming or simulation files), and any 
associated documentation or information are expressly subject 
to the terms and conditions of the Altera Program License 
Subscription Agreement, Altera MegaCore Function License 
Agreement, or other applicable license agreement, including, 
without limitation, that your use is for the sole purpose of 
programming logic devices manufactured by Altera and sold by 
Altera or its authorized distributors.  Please refer to the 
applicable agreement for further details.



+--------------------------------------------------------------------------------------------------------------------------------------------------------------------------------------------------------------------------------------------------------------------------------------------------------+
; Timing Analyzer Summary                                                                                                                                                                                                                                                                                ;
+------------------------------+-------+---------------+----------------------------------+------------------------------------------------------------------------------------+----------------------------------------------------------------------------------+------------+----------+--------------+
; Type                         ; Slack ; Required Time ; Actual Time                      ; From                                                                               ; To                                                                               ; From Clock ; To Clock ; Failed Paths ;
+------------------------------+-------+---------------+----------------------------------+------------------------------------------------------------------------------------+----------------------------------------------------------------------------------+------------+----------+--------------+
; Worst-case tsu               ; N/A   ; None          ; 3.500 ns                         ; MUL                                                                                ; MUL2:inst|REG4_LD_ST:inst39|REG2_LD_ST:inst|REG1_LD_CL:inst|inst                 ; --         ; CLK      ; 0            ;
; Worst-case tco               ; N/A   ; None          ; 4.000 ns                         ; MUL2:inst|REG8_LD_ST:inst5|REG4_LD_ST:inst1|REG2_LD_ST:inst1|REG1_LD_CL:inst5|inst ; OUT[0]                                                                           ; CLK        ; --       ; 0            ;
; Worst-case th                ; N/A   ; None          ; -0.700 ns                        ; B[0]                                                                               ; MUL2:inst|REG4_LD_ST:inst44|REG2_LD_ST:inst1|REG1_LD_CL:inst5|inst               ; --         ; CLK      ; 0            ;
; Clock Setup: 'CLK'           ; N/A   ; None          ; 68.49 MHz ( period = 14.600 ns ) ; MUL2:inst|REG4_LD_ST:inst39|REG2_LD_ST:inst|REG1_LD_CL:inst|inst                   ; MUL2:inst|REG8_LD_ST:inst5|REG4_LD_ST:inst|REG2_LD_ST:inst1|REG1_LD_CL:inst|inst ; CLK        ; CLK      ; 0            ;
; Total number of failed paths ;       ;               ;                                  ;                                                                                    ;                                                                                  ;            ;          ; 0            ;
+------------------------------+-------+---------------+----------------------------------+------------------------------------------------------------------------------------+----------------------------------------------------------------------------------+------------+----------+--------------+


+--------------------------------------------------------------------------------------------------------------------+
; Timing Analyzer Settings                                                                                           ;
+---------------------------------------------------------------------+--------------------+------+----+-------------+
; Option                                                              ; Setting            ; From ; To ; Entity Name ;
+---------------------------------------------------------------------+--------------------+------+----+-------------+
; Device Name                                                         ; EPM7128SLC84-6     ;      ;    ;             ;
; Timing Models                                                       ; Final              ;      ;    ;             ;
; Default hold multicycle                                             ; Same as Multicycle ;      ;    ;             ;
; Cut paths between unrelated clock domains                           ; On                 ;      ;    ;             ;
; Cut off read during write signal paths                              ; On                 ;      ;    ;             ;
; Cut off feedback from I/O pins                                      ; On                 ;      ;    ;             ;
; Report Combined Fast/Slow Timing                                    ; Off                ;      ;    ;             ;
; Ignore Clock Settings                                               ; Off                ;      ;    ;             ;
; Analyze latches as synchronous elements                             ; On                 ;      ;    ;             ;
; Enable Recovery/Removal analysis                                    ; Off                ;      ;    ;             ;
; Enable Clock Latency                                                ; Off                ;      ;    ;             ;
; Use TimeQuest Timing Analyzer                                       ; Off                ;      ;    ;             ;
; Number of source nodes to report per destination node               ; 10                 ;      ;    ;             ;
; Number of destination nodes to report                               ; 10                 ;      ;    ;             ;
; Number of paths to report                                           ; 200                ;      ;    ;             ;
; Report Minimum Timing Checks                                        ; Off                ;      ;    ;             ;
; Use Fast Timing Models                                              ; Off                ;      ;    ;             ;
; Report IO Paths Separately                                          ; Off                ;      ;    ;             ;
; Perform Multicorner Analysis                                        ; Off                ;      ;    ;             ;
; Reports the worst-case path for each clock domain and analysis      ; Off                ;      ;    ;             ;
; Removes common clock path pessimism (CCPP) during slack computation ; Off                ;      ;    ;             ;
; Output I/O Timing Endpoint                                          ; Near End           ;      ;    ;             ;
+---------------------------------------------------------------------+--------------------+------+----+-------------+


+------------------------------------------------------------------------------------------------------------------------------------------------------------------------------------+
; Clock Settings Summary                                                                                                                                                             ;
+-----------------+--------------------+----------+------------------+---------------+--------------+----------+-----------------------+---------------------+--------+--------------+
; Clock Node Name ; Clock Setting Name ; Type     ; Fmax Requirement ; Early Latency ; Late Latency ; Based on ; Multiply Base Fmax by ; Divide Base Fmax by ; Offset ; Phase offset ;
+-----------------+--------------------+----------+------------------+---------------+--------------+----------+-----------------------+---------------------+--------+--------------+
; CLK             ;                    ; User Pin ; None             ; 0.000 ns      ; 0.000 ns     ; --       ; N/A                   ; N/A                 ; N/A    ;              ;
+-----------------+--------------------+----------+------------------+---------------+--------------+----------+-----------------------+---------------------+--------+--------------+


Parallel compilation was disabled, but you have multiple processors available. Enable parallel compilation to reduce compilation time.
+-------------------------------------+
; Parallel Compilation                ;
+----------------------------+--------+
; Processors                 ; Number ;
+----------------------------+--------+
; Number detected on machine ; 12     ;
; Maximum allowed            ; 1      ;
+----------------------------+--------+


+----------------------------------------------------------------------------------------------------------------------------------------------------------------------------------------------------------------------------------------------------------------------------------------------------------------+
; Clock Setup: 'CLK'                                                                                                                                                                                                                                                                                             ;
+-------+----------------------------------+--------------------------------------------------------------------+------------------------------------------------------------------------------------+------------+----------+-----------------------------+---------------------------+-------------------------+
; Slack ; Actual fmax (period)             ; From                                                               ; To                                                                                 ; From Clock ; To Clock ; Required Setup Relationship ; Required Longest P2P Time ; Actual Longest P2P Time ;
+-------+----------------------------------+--------------------------------------------------------------------+------------------------------------------------------------------------------------+------------+----------+-----------------------------+---------------------------+-------------------------+
; N/A   ; 68.49 MHz ( period = 14.600 ns ) ; MUL2:inst|REG4_LD_ST:inst44|REG2_LD_ST:inst1|REG1_LD_CL:inst5|inst ; MUL2:inst|REG8_LD_ST:inst5|REG4_LD_ST:inst|REG2_LD_ST:inst1|REG1_LD_CL:inst5|inst  ; CLK        ; CLK      ; None                        ; None                      ; 12.200 ns               ;
; N/A   ; 68.49 MHz ( period = 14.600 ns ) ; MUL2:inst|REG4_LD_ST:inst44|REG2_LD_ST:inst1|REG1_LD_CL:inst|inst  ; MUL2:inst|REG8_LD_ST:inst5|REG4_LD_ST:inst|REG2_LD_ST:inst1|REG1_LD_CL:inst5|inst  ; CLK        ; CLK      ; None                        ; None                      ; 12.200 ns               ;
; N/A   ; 68.49 MHz ( period = 14.600 ns ) ; MUL2:inst|REG4_LD_ST:inst44|REG2_LD_ST:inst|REG1_LD_CL:inst5|inst  ; MUL2:inst|REG8_LD_ST:inst5|REG4_LD_ST:inst|REG2_LD_ST:inst1|REG1_LD_CL:inst5|inst  ; CLK        ; CLK      ; None                        ; None                      ; 12.200 ns               ;
; N/A   ; 68.49 MHz ( period = 14.600 ns ) ; MUL2:inst|REG4_LD_ST:inst39|REG2_LD_ST:inst1|REG1_LD_CL:inst5|inst ; MUL2:inst|REG8_LD_ST:inst5|REG4_LD_ST:inst|REG2_LD_ST:inst1|REG1_LD_CL:inst5|inst  ; CLK        ; CLK      ; None                        ; None                      ; 12.200 ns               ;
; N/A   ; 68.49 MHz ( period = 14.600 ns ) ; MUL2:inst|REG4_LD_ST:inst39|REG2_LD_ST:inst1|REG1_LD_CL:inst|inst  ; MUL2:inst|REG8_LD_ST:inst5|REG4_LD_ST:inst|REG2_LD_ST:inst1|REG1_LD_CL:inst5|inst  ; CLK        ; CLK      ; None                        ; None                      ; 12.200 ns               ;
; N/A   ; 68.49 MHz ( period = 14.600 ns ) ; MUL2:inst|REG4_LD_ST:inst39|REG2_LD_ST:inst|REG1_LD_CL:inst5|inst  ; MUL2:inst|REG8_LD_ST:inst5|REG4_LD_ST:inst|REG2_LD_ST:inst1|REG1_LD_CL:inst5|inst  ; CLK        ; CLK      ; None                        ; None                      ; 12.200 ns               ;
; N/A   ; 68.49 MHz ( period = 14.600 ns ) ; MUL2:inst|REG4_LD_ST:inst39|REG2_LD_ST:inst|REG1_LD_CL:inst|inst   ; MUL2:inst|REG8_LD_ST:inst5|REG4_LD_ST:inst|REG2_LD_ST:inst1|REG1_LD_CL:inst5|inst  ; CLK        ; CLK      ; None                        ; None                      ; 12.200 ns               ;
; N/A   ; 68.49 MHz ( period = 14.600 ns ) ; MUL2:inst|REG4_LD_ST:inst44|REG2_LD_ST:inst1|REG1_LD_CL:inst|inst  ; MUL2:inst|REG8_LD_ST:inst5|REG4_LD_ST:inst|REG2_LD_ST:inst1|REG1_LD_CL:inst|inst   ; CLK        ; CLK      ; None                        ; None                      ; 12.200 ns               ;
; N/A   ; 68.49 MHz ( period = 14.600 ns ) ; MUL2:inst|REG4_LD_ST:inst44|REG2_LD_ST:inst|REG1_LD_CL:inst5|inst  ; MUL2:inst|REG8_LD_ST:inst5|REG4_LD_ST:inst|REG2_LD_ST:inst1|REG1_LD_CL:inst|inst   ; CLK        ; CLK      ; None                        ; None                      ; 12.200 ns               ;
; N/A   ; 68.49 MHz ( period = 14.600 ns ) ; MUL2:inst|REG4_LD_ST:inst39|REG2_LD_ST:inst1|REG1_LD_CL:inst5|inst ; MUL2:inst|REG8_LD_ST:inst5|REG4_LD_ST:inst|REG2_LD_ST:inst1|REG1_LD_CL:inst|inst   ; CLK        ; CLK      ; None                        ; None                      ; 12.200 ns               ;
; N/A   ; 68.49 MHz ( period = 14.600 ns ) ; MUL2:inst|REG4_LD_ST:inst39|REG2_LD_ST:inst1|REG1_LD_CL:inst|inst  ; MUL2:inst|REG8_LD_ST:inst5|REG4_LD_ST:inst|REG2_LD_ST:inst1|REG1_LD_CL:inst|inst   ; CLK        ; CLK      ; None                        ; None                      ; 12.200 ns               ;
; N/A   ; 68.49 MHz ( period = 14.600 ns ) ; MUL2:inst|REG4_LD_ST:inst39|REG2_LD_ST:inst|REG1_LD_CL:inst5|inst  ; MUL2:inst|REG8_LD_ST:inst5|REG4_LD_ST:inst|REG2_LD_ST:inst1|REG1_LD_CL:inst|inst   ; CLK        ; CLK      ; None                        ; None                      ; 12.200 ns               ;
; N/A   ; 68.49 MHz ( period = 14.600 ns ) ; MUL2:inst|REG4_LD_ST:inst39|REG2_LD_ST:inst|REG1_LD_CL:inst|inst   ; MUL2:inst|REG8_LD_ST:inst5|REG4_LD_ST:inst|REG2_LD_ST:inst1|REG1_LD_CL:inst|inst   ; CLK        ; CLK      ; None                        ; None                      ; 12.200 ns               ;
; N/A   ; 74.07 MHz ( period = 13.500 ns ) ; MUL2:inst|REG4_LD_ST:inst44|REG2_LD_ST:inst1|REG1_LD_CL:inst5|inst ; MUL2:inst|REG8_LD_ST:inst5|REG4_LD_ST:inst1|REG2_LD_ST:inst|REG1_LD_CL:inst|inst   ; CLK        ; CLK      ; None                        ; None                      ; 11.100 ns               ;
; N/A   ; 74.07 MHz ( period = 13.500 ns ) ; MUL2:inst|REG4_LD_ST:inst44|REG2_LD_ST:inst1|REG1_LD_CL:inst|inst  ; MUL2:inst|REG8_LD_ST:inst5|REG4_LD_ST:inst1|REG2_LD_ST:inst|REG1_LD_CL:inst|inst   ; CLK        ; CLK      ; None                        ; None                      ; 11.100 ns               ;
; N/A   ; 74.07 MHz ( period = 13.500 ns ) ; MUL2:inst|REG4_LD_ST:inst39|REG2_LD_ST:inst1|REG1_LD_CL:inst5|inst ; MUL2:inst|REG8_LD_ST:inst5|REG4_LD_ST:inst1|REG2_LD_ST:inst|REG1_LD_CL:inst|inst   ; CLK        ; CLK      ; None                        ; None                      ; 11.100 ns               ;
; N/A   ; 74.07 MHz ( period = 13.500 ns ) ; MUL2:inst|REG4_LD_ST:inst39|REG2_LD_ST:inst1|REG1_LD_CL:inst|inst  ; MUL2:inst|REG8_LD_ST:inst5|REG4_LD_ST:inst1|REG2_LD_ST:inst|REG1_LD_CL:inst|inst   ; CLK        ; CLK      ; None                        ; None                      ; 11.100 ns               ;
; N/A   ; 74.07 MHz ( period = 13.500 ns ) ; MUL2:inst|REG4_LD_ST:inst39|REG2_LD_ST:inst|REG1_LD_CL:inst5|inst  ; MUL2:inst|REG8_LD_ST:inst5|REG4_LD_ST:inst1|REG2_LD_ST:inst|REG1_LD_CL:inst|inst   ; CLK        ; CLK      ; None                        ; None                      ; 11.100 ns               ;
; N/A   ; 74.07 MHz ( period = 13.500 ns ) ; MUL2:inst|REG4_LD_ST:inst39|REG2_LD_ST:inst|REG1_LD_CL:inst|inst   ; MUL2:inst|REG8_LD_ST:inst5|REG4_LD_ST:inst1|REG2_LD_ST:inst|REG1_LD_CL:inst|inst   ; CLK        ; CLK      ; None                        ; None                      ; 11.100 ns               ;
; N/A   ; 74.07 MHz ( period = 13.500 ns ) ; MUL2:inst|REG4_LD_ST:inst44|REG2_LD_ST:inst1|REG1_LD_CL:inst5|inst ; MUL2:inst|REG8_LD_ST:inst5|REG4_LD_ST:inst|REG2_LD_ST:inst1|REG1_LD_CL:inst|inst   ; CLK        ; CLK      ; None                        ; None                      ; 11.100 ns               ;
; N/A   ; 80.65 MHz ( period = 12.400 ns ) ; MUL2:inst|REG4_LD_ST:inst44|REG2_LD_ST:inst|REG1_LD_CL:inst5|inst  ; MUL2:inst|REG8_LD_ST:inst5|REG4_LD_ST:inst1|REG2_LD_ST:inst|REG1_LD_CL:inst|inst   ; CLK        ; CLK      ; None                        ; None                      ; 10.000 ns               ;
; N/A   ; 80.65 MHz ( period = 12.400 ns ) ; MUL2:inst|REG4_LD_ST:inst44|REG2_LD_ST:inst1|REG1_LD_CL:inst5|inst ; MUL2:inst|REG8_LD_ST:inst5|REG4_LD_ST:inst|REG2_LD_ST:inst|REG1_LD_CL:inst5|inst   ; CLK        ; CLK      ; None                        ; None                      ; 10.000 ns               ;
; N/A   ; 80.65 MHz ( period = 12.400 ns ) ; MUL2:inst|REG4_LD_ST:inst44|REG2_LD_ST:inst1|REG1_LD_CL:inst|inst  ; MUL2:inst|REG8_LD_ST:inst5|REG4_LD_ST:inst|REG2_LD_ST:inst|REG1_LD_CL:inst5|inst   ; CLK        ; CLK      ; None                        ; None                      ; 10.000 ns               ;
; N/A   ; 80.65 MHz ( period = 12.400 ns ) ; MUL2:inst|REG4_LD_ST:inst44|REG2_LD_ST:inst|REG1_LD_CL:inst5|inst  ; MUL2:inst|REG8_LD_ST:inst5|REG4_LD_ST:inst|REG2_LD_ST:inst|REG1_LD_CL:inst5|inst   ; CLK        ; CLK      ; None                        ; None                      ; 10.000 ns               ;
; N/A   ; 80.65 MHz ( period = 12.400 ns ) ; MUL2:inst|REG4_LD_ST:inst39|REG2_LD_ST:inst1|REG1_LD_CL:inst5|inst ; MUL2:inst|REG8_LD_ST:inst5|REG4_LD_ST:inst|REG2_LD_ST:inst|REG1_LD_CL:inst5|inst   ; CLK        ; CLK      ; None                        ; None                      ; 10.000 ns               ;
; N/A   ; 80.65 MHz ( period = 12.400 ns ) ; MUL2:inst|REG4_LD_ST:inst39|REG2_LD_ST:inst1|REG1_LD_CL:inst|inst  ; MUL2:inst|REG8_LD_ST:inst5|REG4_LD_ST:inst|REG2_LD_ST:inst|REG1_LD_CL:inst5|inst   ; CLK        ; CLK      ; None                        ; None                      ; 10.000 ns               ;
; N/A   ; 80.65 MHz ( period = 12.400 ns ) ; MUL2:inst|REG4_LD_ST:inst39|REG2_LD_ST:inst|REG1_LD_CL:inst5|inst  ; MUL2:inst|REG8_LD_ST:inst5|REG4_LD_ST:inst|REG2_LD_ST:inst|REG1_LD_CL:inst5|inst   ; CLK        ; CLK      ; None                        ; None                      ; 10.000 ns               ;
; N/A   ; 80.65 MHz ( period = 12.400 ns ) ; MUL2:inst|REG4_LD_ST:inst39|REG2_LD_ST:inst|REG1_LD_CL:inst|inst   ; MUL2:inst|REG8_LD_ST:inst5|REG4_LD_ST:inst|REG2_LD_ST:inst|REG1_LD_CL:inst5|inst   ; CLK        ; CLK      ; None                        ; None                      ; 10.000 ns               ;
; N/A   ; 81.30 MHz ( period = 12.300 ns ) ; MUL2:inst|REG4_LD_ST:inst44|REG2_LD_ST:inst|REG1_LD_CL:inst|inst   ; MUL2:inst|REG8_LD_ST:inst5|REG4_LD_ST:inst|REG2_LD_ST:inst1|REG1_LD_CL:inst|inst   ; CLK        ; CLK      ; None                        ; None                      ; 9.900 ns                ;
; N/A   ; 81.30 MHz ( period = 12.300 ns ) ; MUL2:inst|REG4_LD_ST:inst44|REG2_LD_ST:inst|REG1_LD_CL:inst|inst   ; MUL2:inst|REG8_LD_ST:inst5|REG4_LD_ST:inst|REG2_LD_ST:inst|REG1_LD_CL:inst5|inst   ; CLK        ; CLK      ; None                        ; None                      ; 9.900 ns                ;
; N/A   ; 93.46 MHz ( period = 10.700 ns ) ; MUL2:inst|REG4_LD_ST:inst44|REG2_LD_ST:inst1|REG1_LD_CL:inst|inst  ; MUL2:inst|REG8_LD_ST:inst5|REG4_LD_ST:inst1|REG2_LD_ST:inst|REG1_LD_CL:inst5|inst  ; CLK        ; CLK      ; None                        ; None                      ; 8.300 ns                ;
; N/A   ; 93.46 MHz ( period = 10.700 ns ) ; MUL2:inst|REG4_LD_ST:inst39|REG2_LD_ST:inst1|REG1_LD_CL:inst5|inst ; MUL2:inst|REG8_LD_ST:inst5|REG4_LD_ST:inst1|REG2_LD_ST:inst|REG1_LD_CL:inst5|inst  ; CLK        ; CLK      ; None                        ; None                      ; 8.300 ns                ;
; N/A   ; 93.46 MHz ( period = 10.700 ns ) ; MUL2:inst|REG4_LD_ST:inst39|REG2_LD_ST:inst1|REG1_LD_CL:inst|inst  ; MUL2:inst|REG8_LD_ST:inst5|REG4_LD_ST:inst1|REG2_LD_ST:inst|REG1_LD_CL:inst5|inst  ; CLK        ; CLK      ; None                        ; None                      ; 8.300 ns                ;
; N/A   ; 94.34 MHz ( period = 10.600 ns ) ; MUL2:inst|REG4_LD_ST:inst44|REG2_LD_ST:inst|REG1_LD_CL:inst|inst   ; MUL2:inst|REG8_LD_ST:inst5|REG4_LD_ST:inst|REG2_LD_ST:inst1|REG1_LD_CL:inst5|inst  ; CLK        ; CLK      ; None                        ; None                      ; 8.200 ns                ;
; N/A   ; 123.46 MHz ( period = 8.100 ns ) ; MUL2:inst|REG4_LD_ST:inst44|REG2_LD_ST:inst1|REG1_LD_CL:inst5|inst ; MUL2:inst|REG8_LD_ST:inst5|REG4_LD_ST:inst|REG2_LD_ST:inst|REG1_LD_CL:inst|inst    ; CLK        ; CLK      ; None                        ; None                      ; 5.700 ns                ;
; N/A   ; 123.46 MHz ( period = 8.100 ns ) ; MUL2:inst|REG4_LD_ST:inst44|REG2_LD_ST:inst1|REG1_LD_CL:inst|inst  ; MUL2:inst|REG8_LD_ST:inst5|REG4_LD_ST:inst|REG2_LD_ST:inst|REG1_LD_CL:inst|inst    ; CLK        ; CLK      ; None                        ; None                      ; 5.700 ns                ;
; N/A   ; 123.46 MHz ( period = 8.100 ns ) ; MUL2:inst|REG4_LD_ST:inst44|REG2_LD_ST:inst|REG1_LD_CL:inst5|inst  ; MUL2:inst|REG8_LD_ST:inst5|REG4_LD_ST:inst|REG2_LD_ST:inst|REG1_LD_CL:inst|inst    ; CLK        ; CLK      ; None                        ; None                      ; 5.700 ns                ;
; N/A   ; 123.46 MHz ( period = 8.100 ns ) ; MUL2:inst|REG4_LD_ST:inst39|REG2_LD_ST:inst1|REG1_LD_CL:inst5|inst ; MUL2:inst|REG8_LD_ST:inst5|REG4_LD_ST:inst|REG2_LD_ST:inst|REG1_LD_CL:inst|inst    ; CLK        ; CLK      ; None                        ; None                      ; 5.700 ns                ;
; N/A   ; 123.46 MHz ( period = 8.100 ns ) ; MUL2:inst|REG4_LD_ST:inst39|REG2_LD_ST:inst1|REG1_LD_CL:inst|inst  ; MUL2:inst|REG8_LD_ST:inst5|REG4_LD_ST:inst|REG2_LD_ST:inst|REG1_LD_CL:inst|inst    ; CLK        ; CLK      ; None                        ; None                      ; 5.700 ns                ;
; N/A   ; 123.46 MHz ( period = 8.100 ns ) ; MUL2:inst|REG4_LD_ST:inst39|REG2_LD_ST:inst|REG1_LD_CL:inst5|inst  ; MUL2:inst|REG8_LD_ST:inst5|REG4_LD_ST:inst|REG2_LD_ST:inst|REG1_LD_CL:inst|inst    ; CLK        ; CLK      ; None                        ; None                      ; 5.700 ns                ;
; N/A   ; 123.46 MHz ( period = 8.100 ns ) ; MUL2:inst|REG4_LD_ST:inst39|REG2_LD_ST:inst|REG1_LD_CL:inst|inst   ; MUL2:inst|REG8_LD_ST:inst5|REG4_LD_ST:inst|REG2_LD_ST:inst|REG1_LD_CL:inst|inst    ; CLK        ; CLK      ; None                        ; None                      ; 5.700 ns                ;
; N/A   ; 125.00 MHz ( period = 8.000 ns ) ; MUL2:inst|REG4_LD_ST:inst44|REG2_LD_ST:inst|REG1_LD_CL:inst|inst   ; MUL2:inst|REG8_LD_ST:inst5|REG4_LD_ST:inst|REG2_LD_ST:inst|REG1_LD_CL:inst|inst    ; CLK        ; CLK      ; None                        ; None                      ; 5.600 ns                ;
; N/A   ; 142.86 MHz ( period = 7.000 ns ) ; MUL2:inst|REG4_LD_ST:inst39|REG2_LD_ST:inst1|REG1_LD_CL:inst5|inst ; MUL2:inst|REG4_LD_ST:inst39|REG2_LD_ST:inst1|REG1_LD_CL:inst5|inst                 ; CLK        ; CLK      ; None                        ; None                      ; 4.600 ns                ;
; N/A   ; 142.86 MHz ( period = 7.000 ns ) ; MUL2:inst|REG4_LD_ST:inst39|REG2_LD_ST:inst1|REG1_LD_CL:inst|inst  ; MUL2:inst|REG4_LD_ST:inst39|REG2_LD_ST:inst1|REG1_LD_CL:inst|inst                  ; CLK        ; CLK      ; None                        ; None                      ; 4.600 ns                ;
; N/A   ; 142.86 MHz ( period = 7.000 ns ) ; MUL2:inst|REG4_LD_ST:inst39|REG2_LD_ST:inst|REG1_LD_CL:inst5|inst  ; MUL2:inst|REG4_LD_ST:inst39|REG2_LD_ST:inst|REG1_LD_CL:inst5|inst                  ; CLK        ; CLK      ; None                        ; None                      ; 4.600 ns                ;
; N/A   ; 142.86 MHz ( period = 7.000 ns ) ; MUL2:inst|REG4_LD_ST:inst39|REG2_LD_ST:inst|REG1_LD_CL:inst|inst   ; MUL2:inst|REG4_LD_ST:inst39|REG2_LD_ST:inst|REG1_LD_CL:inst|inst                   ; CLK        ; CLK      ; None                        ; None                      ; 4.600 ns                ;
; N/A   ; 142.86 MHz ( period = 7.000 ns ) ; MUL2:inst|REG4_LD_ST:inst44|REG2_LD_ST:inst1|REG1_LD_CL:inst5|inst ; MUL2:inst|REG8_LD_ST:inst5|REG4_LD_ST:inst1|REG2_LD_ST:inst1|REG1_LD_CL:inst5|inst ; CLK        ; CLK      ; None                        ; None                      ; 4.600 ns                ;
; N/A   ; 142.86 MHz ( period = 7.000 ns ) ; MUL2:inst|REG4_LD_ST:inst39|REG2_LD_ST:inst1|REG1_LD_CL:inst5|inst ; MUL2:inst|REG8_LD_ST:inst5|REG4_LD_ST:inst1|REG2_LD_ST:inst1|REG1_LD_CL:inst5|inst ; CLK        ; CLK      ; None                        ; None                      ; 4.600 ns                ;
; N/A   ; 142.86 MHz ( period = 7.000 ns ) ; MUL2:inst|REG4_LD_ST:inst44|REG2_LD_ST:inst1|REG1_LD_CL:inst5|inst ; MUL2:inst|REG8_LD_ST:inst5|REG4_LD_ST:inst1|REG2_LD_ST:inst1|REG1_LD_CL:inst|inst  ; CLK        ; CLK      ; None                        ; None                      ; 4.600 ns                ;
; N/A   ; 142.86 MHz ( period = 7.000 ns ) ; MUL2:inst|REG4_LD_ST:inst44|REG2_LD_ST:inst1|REG1_LD_CL:inst|inst  ; MUL2:inst|REG8_LD_ST:inst5|REG4_LD_ST:inst1|REG2_LD_ST:inst1|REG1_LD_CL:inst|inst  ; CLK        ; CLK      ; None                        ; None                      ; 4.600 ns                ;
; N/A   ; 142.86 MHz ( period = 7.000 ns ) ; MUL2:inst|REG4_LD_ST:inst39|REG2_LD_ST:inst1|REG1_LD_CL:inst5|inst ; MUL2:inst|REG8_LD_ST:inst5|REG4_LD_ST:inst1|REG2_LD_ST:inst1|REG1_LD_CL:inst|inst  ; CLK        ; CLK      ; None                        ; None                      ; 4.600 ns                ;
; N/A   ; 142.86 MHz ( period = 7.000 ns ) ; MUL2:inst|REG4_LD_ST:inst39|REG2_LD_ST:inst1|REG1_LD_CL:inst|inst  ; MUL2:inst|REG8_LD_ST:inst5|REG4_LD_ST:inst1|REG2_LD_ST:inst1|REG1_LD_CL:inst|inst  ; CLK        ; CLK      ; None                        ; None                      ; 4.600 ns                ;
; N/A   ; 142.86 MHz ( period = 7.000 ns ) ; MUL2:inst|REG4_LD_ST:inst44|REG2_LD_ST:inst1|REG1_LD_CL:inst5|inst ; MUL2:inst|REG8_LD_ST:inst5|REG4_LD_ST:inst1|REG2_LD_ST:inst|REG1_LD_CL:inst5|inst  ; CLK        ; CLK      ; None                        ; None                      ; 4.600 ns                ;
; N/A   ; 142.86 MHz ( period = 7.000 ns ) ; MUL2:inst|REG4_LD_ST:inst44|REG2_LD_ST:inst|REG1_LD_CL:inst5|inst  ; MUL2:inst|REG8_LD_ST:inst5|REG4_LD_ST:inst1|REG2_LD_ST:inst|REG1_LD_CL:inst5|inst  ; CLK        ; CLK      ; None                        ; None                      ; 4.600 ns                ;
; N/A   ; 142.86 MHz ( period = 7.000 ns ) ; MUL2:inst|REG4_LD_ST:inst39|REG2_LD_ST:inst|REG1_LD_CL:inst5|inst  ; MUL2:inst|REG8_LD_ST:inst5|REG4_LD_ST:inst1|REG2_LD_ST:inst|REG1_LD_CL:inst5|inst  ; CLK        ; CLK      ; None                        ; None                      ; 4.600 ns                ;
; N/A   ; 144.93 MHz ( period = 6.900 ns ) ; MUL2:inst|inst1                                                    ; MUL2:inst|REG4_LD_ST:inst39|REG2_LD_ST:inst1|REG1_LD_CL:inst5|inst                 ; CLK        ; CLK      ; None                        ; None                      ; 4.500 ns                ;
; N/A   ; 144.93 MHz ( period = 6.900 ns ) ; MUL2:inst|inst1                                                    ; MUL2:inst|REG4_LD_ST:inst39|REG2_LD_ST:inst1|REG1_LD_CL:inst|inst                  ; CLK        ; CLK      ; None                        ; None                      ; 4.500 ns                ;
; N/A   ; 144.93 MHz ( period = 6.900 ns ) ; MUL2:inst|inst1                                                    ; MUL2:inst|REG4_LD_ST:inst39|REG2_LD_ST:inst|REG1_LD_CL:inst5|inst                  ; CLK        ; CLK      ; None                        ; None                      ; 4.500 ns                ;
; N/A   ; 144.93 MHz ( period = 6.900 ns ) ; MUL2:inst|inst1                                                    ; MUL2:inst|REG4_LD_ST:inst39|REG2_LD_ST:inst|REG1_LD_CL:inst|inst                   ; CLK        ; CLK      ; None                        ; None                      ; 4.500 ns                ;
; N/A   ; 144.93 MHz ( period = 6.900 ns ) ; MUL2:inst|inst1                                                    ; MUL2:inst|REG8_LD_ST:inst5|REG4_LD_ST:inst1|REG2_LD_ST:inst1|REG1_LD_CL:inst5|inst ; CLK        ; CLK      ; None                        ; None                      ; 4.500 ns                ;
; N/A   ; 144.93 MHz ( period = 6.900 ns ) ; MUL2:inst|inst1                                                    ; MUL2:inst|REG8_LD_ST:inst5|REG4_LD_ST:inst1|REG2_LD_ST:inst1|REG1_LD_CL:inst|inst  ; CLK        ; CLK      ; None                        ; None                      ; 4.500 ns                ;
; N/A   ; 144.93 MHz ( period = 6.900 ns ) ; MUL2:inst|inst1                                                    ; MUL2:inst|REG8_LD_ST:inst5|REG4_LD_ST:inst1|REG2_LD_ST:inst|REG1_LD_CL:inst5|inst  ; CLK        ; CLK      ; None                        ; None                      ; 4.500 ns                ;
; N/A   ; 144.93 MHz ( period = 6.900 ns ) ; MUL2:inst|REG4_LD_ST:inst44|REG2_LD_ST:inst|REG1_LD_CL:inst|inst   ; MUL2:inst|REG8_LD_ST:inst5|REG4_LD_ST:inst1|REG2_LD_ST:inst|REG1_LD_CL:inst|inst   ; CLK        ; CLK      ; None                        ; None                      ; 4.500 ns                ;
; N/A   ; 144.93 MHz ( period = 6.900 ns ) ; MUL2:inst|inst1                                                    ; MUL2:inst|REG8_LD_ST:inst5|REG4_LD_ST:inst1|REG2_LD_ST:inst|REG1_LD_CL:inst|inst   ; CLK        ; CLK      ; None                        ; None                      ; 4.500 ns                ;
; N/A   ; 144.93 MHz ( period = 6.900 ns ) ; MUL2:inst|inst1                                                    ; MUL2:inst|REG8_LD_ST:inst5|REG4_LD_ST:inst|REG2_LD_ST:inst1|REG1_LD_CL:inst5|inst  ; CLK        ; CLK      ; None                        ; None                      ; 4.500 ns                ;
; N/A   ; 144.93 MHz ( period = 6.900 ns ) ; MUL2:inst|inst1                                                    ; MUL2:inst|REG8_LD_ST:inst5|REG4_LD_ST:inst|REG2_LD_ST:inst1|REG1_LD_CL:inst|inst   ; CLK        ; CLK      ; None                        ; None                      ; 4.500 ns                ;
; N/A   ; 144.93 MHz ( period = 6.900 ns ) ; MUL2:inst|inst1                                                    ; MUL2:inst|REG8_LD_ST:inst5|REG4_LD_ST:inst|REG2_LD_ST:inst|REG1_LD_CL:inst5|inst   ; CLK        ; CLK      ; None                        ; None                      ; 4.500 ns                ;
; N/A   ; 144.93 MHz ( period = 6.900 ns ) ; MUL2:inst|inst1                                                    ; MUL2:inst|REG8_LD_ST:inst5|REG4_LD_ST:inst|REG2_LD_ST:inst|REG1_LD_CL:inst|inst    ; CLK        ; CLK      ; None                        ; None                      ; 4.500 ns                ;
; N/A   ; 147.06 MHz ( period = 6.800 ns ) ; MUL2:inst|RisingEdgeDetector:inst40|inst                           ; MUL2:inst|RisingEdgeDetector:inst40|inst1                                          ; CLK        ; CLK      ; None                        ; None                      ; 4.400 ns                ;
; N/A   ; 147.06 MHz ( period = 6.800 ns ) ; MUL2:inst|RisingEdgeDetector:inst40|inst                           ; MUL2:inst|inst1                                                                    ; CLK        ; CLK      ; None                        ; None                      ; 4.400 ns                ;
; N/A   ; 147.06 MHz ( period = 6.800 ns ) ; MUL2:inst|RisingEdgeDetector:inst40|inst1                          ; MUL2:inst|inst1                                                                    ; CLK        ; CLK      ; None                        ; None                      ; 4.400 ns                ;
+-------+----------------------------------+--------------------------------------------------------------------+------------------------------------------------------------------------------------+------------+----------+-----------------------------+---------------------------+-------------------------+


+--------------------------------------------------------------------------------------------------------------------------+
; tsu                                                                                                                      ;
+-------+--------------+------------+------+--------------------------------------------------------------------+----------+
; Slack ; Required tsu ; Actual tsu ; From ; To                                                                 ; To Clock ;
+-------+--------------+------------+------+--------------------------------------------------------------------+----------+
; N/A   ; None         ; 3.500 ns   ; MUL  ; MUL2:inst|RisingEdgeDetector:inst40|inst                           ; CLK      ;
; N/A   ; None         ; 3.500 ns   ; MUL  ; MUL2:inst|REG4_LD_ST:inst44|REG2_LD_ST:inst1|REG1_LD_CL:inst5|inst ; CLK      ;
; N/A   ; None         ; 3.500 ns   ; MUL  ; MUL2:inst|REG4_LD_ST:inst44|REG2_LD_ST:inst1|REG1_LD_CL:inst|inst  ; CLK      ;
; N/A   ; None         ; 3.500 ns   ; MUL  ; MUL2:inst|REG4_LD_ST:inst44|REG2_LD_ST:inst|REG1_LD_CL:inst5|inst  ; CLK      ;
; N/A   ; None         ; 3.500 ns   ; MUL  ; MUL2:inst|REG4_LD_ST:inst44|REG2_LD_ST:inst|REG1_LD_CL:inst|inst   ; CLK      ;
; N/A   ; None         ; 3.500 ns   ; MUL  ; MUL2:inst|REG4_LD_ST:inst39|REG2_LD_ST:inst1|REG1_LD_CL:inst5|inst ; CLK      ;
; N/A   ; None         ; 3.500 ns   ; MUL  ; MUL2:inst|REG4_LD_ST:inst39|REG2_LD_ST:inst1|REG1_LD_CL:inst|inst  ; CLK      ;
; N/A   ; None         ; 3.500 ns   ; MUL  ; MUL2:inst|REG4_LD_ST:inst39|REG2_LD_ST:inst|REG1_LD_CL:inst5|inst  ; CLK      ;
; N/A   ; None         ; 3.500 ns   ; MUL  ; MUL2:inst|REG4_LD_ST:inst39|REG2_LD_ST:inst|REG1_LD_CL:inst|inst   ; CLK      ;
; N/A   ; None         ; 3.400 ns   ; A[3] ; MUL2:inst|REG4_LD_ST:inst39|REG2_LD_ST:inst|REG1_LD_CL:inst|inst   ; CLK      ;
; N/A   ; None         ; 3.400 ns   ; A[2] ; MUL2:inst|REG4_LD_ST:inst39|REG2_LD_ST:inst|REG1_LD_CL:inst5|inst  ; CLK      ;
; N/A   ; None         ; 3.400 ns   ; A[1] ; MUL2:inst|REG4_LD_ST:inst39|REG2_LD_ST:inst1|REG1_LD_CL:inst|inst  ; CLK      ;
; N/A   ; None         ; 3.400 ns   ; A[0] ; MUL2:inst|REG4_LD_ST:inst39|REG2_LD_ST:inst1|REG1_LD_CL:inst5|inst ; CLK      ;
; N/A   ; None         ; 3.400 ns   ; B[3] ; MUL2:inst|REG4_LD_ST:inst44|REG2_LD_ST:inst|REG1_LD_CL:inst|inst   ; CLK      ;
; N/A   ; None         ; 3.400 ns   ; B[2] ; MUL2:inst|REG4_LD_ST:inst44|REG2_LD_ST:inst|REG1_LD_CL:inst5|inst  ; CLK      ;
; N/A   ; None         ; 3.400 ns   ; B[1] ; MUL2:inst|REG4_LD_ST:inst44|REG2_LD_ST:inst1|REG1_LD_CL:inst|inst  ; CLK      ;
; N/A   ; None         ; 3.400 ns   ; B[0] ; MUL2:inst|REG4_LD_ST:inst44|REG2_LD_ST:inst1|REG1_LD_CL:inst5|inst ; CLK      ;
+-------+--------------+------------+------+--------------------------------------------------------------------+----------+


+----------------------------------------------------------------------------------------------------------------------------------------------+
; tco                                                                                                                                          ;
+-------+--------------+------------+------------------------------------------------------------------------------------+--------+------------+
; Slack ; Required tco ; Actual tco ; From                                                                               ; To     ; From Clock ;
+-------+--------------+------------+------------------------------------------------------------------------------------+--------+------------+
; N/A   ; None         ; 4.000 ns   ; MUL2:inst|REG8_LD_ST:inst5|REG4_LD_ST:inst|REG2_LD_ST:inst|REG1_LD_CL:inst|inst    ; OUT[7] ; CLK        ;
; N/A   ; None         ; 4.000 ns   ; MUL2:inst|REG8_LD_ST:inst5|REG4_LD_ST:inst|REG2_LD_ST:inst|REG1_LD_CL:inst5|inst   ; OUT[6] ; CLK        ;
; N/A   ; None         ; 4.000 ns   ; MUL2:inst|REG8_LD_ST:inst5|REG4_LD_ST:inst|REG2_LD_ST:inst1|REG1_LD_CL:inst|inst   ; OUT[5] ; CLK        ;
; N/A   ; None         ; 4.000 ns   ; MUL2:inst|REG8_LD_ST:inst5|REG4_LD_ST:inst|REG2_LD_ST:inst1|REG1_LD_CL:inst5|inst  ; OUT[4] ; CLK        ;
; N/A   ; None         ; 4.000 ns   ; MUL2:inst|REG8_LD_ST:inst5|REG4_LD_ST:inst1|REG2_LD_ST:inst|REG1_LD_CL:inst|inst   ; OUT[3] ; CLK        ;
; N/A   ; None         ; 4.000 ns   ; MUL2:inst|REG8_LD_ST:inst5|REG4_LD_ST:inst1|REG2_LD_ST:inst|REG1_LD_CL:inst5|inst  ; OUT[2] ; CLK        ;
; N/A   ; None         ; 4.000 ns   ; MUL2:inst|REG8_LD_ST:inst5|REG4_LD_ST:inst1|REG2_LD_ST:inst1|REG1_LD_CL:inst|inst  ; OUT[1] ; CLK        ;
; N/A   ; None         ; 4.000 ns   ; MUL2:inst|REG8_LD_ST:inst5|REG4_LD_ST:inst1|REG2_LD_ST:inst1|REG1_LD_CL:inst5|inst ; OUT[0] ; CLK        ;
+-------+--------------+------------+------------------------------------------------------------------------------------+--------+------------+


+--------------------------------------------------------------------------------------------------------------------------------+
; th                                                                                                                             ;
+---------------+-------------+-----------+------+--------------------------------------------------------------------+----------+
; Minimum Slack ; Required th ; Actual th ; From ; To                                                                 ; To Clock ;
+---------------+-------------+-----------+------+--------------------------------------------------------------------+----------+
; N/A           ; None        ; -0.700 ns ; A[3] ; MUL2:inst|REG4_LD_ST:inst39|REG2_LD_ST:inst|REG1_LD_CL:inst|inst   ; CLK      ;
; N/A           ; None        ; -0.700 ns ; A[2] ; MUL2:inst|REG4_LD_ST:inst39|REG2_LD_ST:inst|REG1_LD_CL:inst5|inst  ; CLK      ;
; N/A           ; None        ; -0.700 ns ; A[1] ; MUL2:inst|REG4_LD_ST:inst39|REG2_LD_ST:inst1|REG1_LD_CL:inst|inst  ; CLK      ;
; N/A           ; None        ; -0.700 ns ; A[0] ; MUL2:inst|REG4_LD_ST:inst39|REG2_LD_ST:inst1|REG1_LD_CL:inst5|inst ; CLK      ;
; N/A           ; None        ; -0.700 ns ; B[3] ; MUL2:inst|REG4_LD_ST:inst44|REG2_LD_ST:inst|REG1_LD_CL:inst|inst   ; CLK      ;
; N/A           ; None        ; -0.700 ns ; B[2] ; MUL2:inst|REG4_LD_ST:inst44|REG2_LD_ST:inst|REG1_LD_CL:inst5|inst  ; CLK      ;
; N/A           ; None        ; -0.700 ns ; B[1] ; MUL2:inst|REG4_LD_ST:inst44|REG2_LD_ST:inst1|REG1_LD_CL:inst|inst  ; CLK      ;
; N/A           ; None        ; -0.700 ns ; B[0] ; MUL2:inst|REG4_LD_ST:inst44|REG2_LD_ST:inst1|REG1_LD_CL:inst5|inst ; CLK      ;
; N/A           ; None        ; -0.800 ns ; MUL  ; MUL2:inst|RisingEdgeDetector:inst40|inst                           ; CLK      ;
; N/A           ; None        ; -0.800 ns ; MUL  ; MUL2:inst|REG4_LD_ST:inst44|REG2_LD_ST:inst1|REG1_LD_CL:inst5|inst ; CLK      ;
; N/A           ; None        ; -0.800 ns ; MUL  ; MUL2:inst|REG4_LD_ST:inst44|REG2_LD_ST:inst1|REG1_LD_CL:inst|inst  ; CLK      ;
; N/A           ; None        ; -0.800 ns ; MUL  ; MUL2:inst|REG4_LD_ST:inst44|REG2_LD_ST:inst|REG1_LD_CL:inst5|inst  ; CLK      ;
; N/A           ; None        ; -0.800 ns ; MUL  ; MUL2:inst|REG4_LD_ST:inst44|REG2_LD_ST:inst|REG1_LD_CL:inst|inst   ; CLK      ;
; N/A           ; None        ; -0.800 ns ; MUL  ; MUL2:inst|REG4_LD_ST:inst39|REG2_LD_ST:inst1|REG1_LD_CL:inst5|inst ; CLK      ;
; N/A           ; None        ; -0.800 ns ; MUL  ; MUL2:inst|REG4_LD_ST:inst39|REG2_LD_ST:inst1|REG1_LD_CL:inst|inst  ; CLK      ;
; N/A           ; None        ; -0.800 ns ; MUL  ; MUL2:inst|REG4_LD_ST:inst39|REG2_LD_ST:inst|REG1_LD_CL:inst5|inst  ; CLK      ;
; N/A           ; None        ; -0.800 ns ; MUL  ; MUL2:inst|REG4_LD_ST:inst39|REG2_LD_ST:inst|REG1_LD_CL:inst|inst   ; CLK      ;
+---------------+-------------+-----------+------+--------------------------------------------------------------------+----------+


+--------------------------+
; Timing Analyzer Messages ;
+--------------------------+
Info: *******************************************************************
Info: Running Quartus II Classic Timing Analyzer
    Info: Version 9.0 Build 235 06/17/2009 Service Pack 2 SJ Web Edition
    Info: Processing started: Tue Sep 19 03:08:41 2023
Info: Command: quartus_tan --read_settings_files=off --write_settings_files=off DiplomskiRad -c DiplomskiRad
Info: Started post-fitting delay annotation
Info: Delay annotation completed successfully
Warning: Timing Analysis does not support the analysis of latches as synchronous elements for the currently selected device family
Warning: Found pins functioning as undefined clocks and/or memory enables
    Info: Assuming node "CLK" is an undefined clock
Info: Clock "CLK" has Internal fmax of 68.49 MHz between source register "MUL2:inst|REG4_LD_ST:inst44|REG2_LD_ST:inst1|REG1_LD_CL:inst5|inst" and destination register "MUL2:inst|REG8_LD_ST:inst5|REG4_LD_ST:inst|REG2_LD_ST:inst1|REG1_LD_CL:inst5|inst" (period= 14.6 ns)
    Info: + Longest register to register delay is 12.200 ns
        Info: 1: + IC(0.000 ns) + CELL(0.000 ns) = 0.000 ns; Loc. = LC6; Fanout = 64; REG Node = 'MUL2:inst|REG4_LD_ST:inst44|REG2_LD_ST:inst1|REG1_LD_CL:inst5|inst'
        Info: 2: + IC(1.600 ns) + CELL(3.000 ns) = 4.600 ns; Loc. = LC1; Fanout = 1; COMB Node = 'MUL2:inst|ADD8:inst3|ADD4:inst1|ADD1:inst|inst1~6'
        Info: 3: + IC(0.000 ns) + CELL(1.100 ns) = 5.700 ns; Loc. = LC2; Fanout = 1; COMB Node = 'MUL2:inst|ADD8:inst3|ADD4:inst1|ADD1:inst|inst1~12'
        Info: 4: + IC(0.000 ns) + CELL(2.100 ns) = 7.800 ns; Loc. = LC3; Fanout = 2; COMB Node = 'MUL2:inst|ADD8:inst3|ADD4:inst1|ADD1:inst|inst1~5'
        Info: 5: + IC(1.400 ns) + CELL(3.000 ns) = 12.200 ns; Loc. = LC21; Fanout = 1; REG Node = 'MUL2:inst|REG8_LD_ST:inst5|REG4_LD_ST:inst|REG2_LD_ST:inst1|REG1_LD_CL:inst5|inst'
        Info: Total cell delay = 9.200 ns ( 75.41 % )
        Info: Total interconnect delay = 3.000 ns ( 24.59 % )
    Info: - Smallest clock skew is 0.000 ns
        Info: + Shortest clock path from clock "CLK" to destination register is 2.200 ns
            Info: 1: + IC(0.000 ns) + CELL(1.600 ns) = 1.600 ns; Loc. = PIN_83; Fanout = 19; CLK Node = 'CLK'
            Info: 2: + IC(0.000 ns) + CELL(0.600 ns) = 2.200 ns; Loc. = LC21; Fanout = 1; REG Node = 'MUL2:inst|REG8_LD_ST:inst5|REG4_LD_ST:inst|REG2_LD_ST:inst1|REG1_LD_CL:inst5|inst'
            Info: Total cell delay = 2.200 ns ( 100.00 % )
        Info: - Longest clock path from clock "CLK" to source register is 2.200 ns
            Info: 1: + IC(0.000 ns) + CELL(1.600 ns) = 1.600 ns; Loc. = PIN_83; Fanout = 19; CLK Node = 'CLK'
            Info: 2: + IC(0.000 ns) + CELL(0.600 ns) = 2.200 ns; Loc. = LC6; Fanout = 64; REG Node = 'MUL2:inst|REG4_LD_ST:inst44|REG2_LD_ST:inst1|REG1_LD_CL:inst5|inst'
            Info: Total cell delay = 2.200 ns ( 100.00 % )
    Info: + Micro clock to output delay of source is 1.400 ns
    Info: + Micro setup delay of destination is 1.000 ns
Info: tsu for register "MUL2:inst|RisingEdgeDetector:inst40|inst" (data pin = "MUL", clock pin = "CLK") is 3.500 ns
    Info: + Longest pin to register delay is 4.700 ns
        Info: 1: + IC(0.000 ns) + CELL(0.200 ns) = 0.200 ns; Loc. = PIN_15; Fanout = 13; PIN Node = 'MUL'
        Info: 2: + IC(1.500 ns) + CELL(3.000 ns) = 4.700 ns; Loc. = LC14; Fanout = 2; REG Node = 'MUL2:inst|RisingEdgeDetector:inst40|inst'
        Info: Total cell delay = 3.200 ns ( 68.09 % )
        Info: Total interconnect delay = 1.500 ns ( 31.91 % )
    Info: + Micro setup delay of destination is 1.000 ns
    Info: - Shortest clock path from clock "CLK" to destination register is 2.200 ns
        Info: 1: + IC(0.000 ns) + CELL(1.600 ns) = 1.600 ns; Loc. = PIN_83; Fanout = 19; CLK Node = 'CLK'
        Info: 2: + IC(0.000 ns) + CELL(0.600 ns) = 2.200 ns; Loc. = LC14; Fanout = 2; REG Node = 'MUL2:inst|RisingEdgeDetector:inst40|inst'
        Info: Total cell delay = 2.200 ns ( 100.00 % )
Info: tco from clock "CLK" to destination pin "OUT[7]" through register "MUL2:inst|REG8_LD_ST:inst5|REG4_LD_ST:inst|REG2_LD_ST:inst|REG1_LD_CL:inst|inst" is 4.000 ns
    Info: + Longest clock path from clock "CLK" to source register is 2.200 ns
        Info: 1: + IC(0.000 ns) + CELL(1.600 ns) = 1.600 ns; Loc. = PIN_83; Fanout = 19; CLK Node = 'CLK'
        Info: 2: + IC(0.000 ns) + CELL(0.600 ns) = 2.200 ns; Loc. = LC27; Fanout = 1; REG Node = 'MUL2:inst|REG8_LD_ST:inst5|REG4_LD_ST:inst|REG2_LD_ST:inst|REG1_LD_CL:inst|inst'
        Info: Total cell delay = 2.200 ns ( 100.00 % )
    Info: + Micro clock to output delay of source is 1.400 ns
    Info: + Longest register to pin delay is 0.400 ns
        Info: 1: + IC(0.000 ns) + CELL(0.000 ns) = 0.000 ns; Loc. = LC27; Fanout = 1; REG Node = 'MUL2:inst|REG8_LD_ST:inst5|REG4_LD_ST:inst|REG2_LD_ST:inst|REG1_LD_CL:inst|inst'
        Info: 2: + IC(0.000 ns) + CELL(0.400 ns) = 0.400 ns; Loc. = PIN_16; Fanout = 0; PIN Node = 'OUT[7]'
        Info: Total cell delay = 0.400 ns ( 100.00 % )
Info: th for register "MUL2:inst|REG4_LD_ST:inst39|REG2_LD_ST:inst|REG1_LD_CL:inst|inst" (data pin = "A[3]", clock pin = "CLK") is -0.700 ns
    Info: + Longest clock path from clock "CLK" to destination register is 2.200 ns
        Info: 1: + IC(0.000 ns) + CELL(1.600 ns) = 1.600 ns; Loc. = PIN_83; Fanout = 19; CLK Node = 'CLK'
        Info: 2: + IC(0.000 ns) + CELL(0.600 ns) = 2.200 ns; Loc. = LC36; Fanout = 80; REG Node = 'MUL2:inst|REG4_LD_ST:inst39|REG2_LD_ST:inst|REG1_LD_CL:inst|inst'
        Info: Total cell delay = 2.200 ns ( 100.00 % )
    Info: + Micro hold delay of destination is 1.700 ns
    Info: - Shortest pin to register delay is 4.600 ns
        Info: 1: + IC(0.000 ns) + CELL(0.200 ns) = 0.200 ns; Loc. = PIN_4; Fanout = 1; PIN Node = 'A[3]'
        Info: 2: + IC(1.400 ns) + CELL(3.000 ns) = 4.600 ns; Loc. = LC36; Fanout = 80; REG Node = 'MUL2:inst|REG4_LD_ST:inst39|REG2_LD_ST:inst|REG1_LD_CL:inst|inst'
        Info: Total cell delay = 3.200 ns ( 69.57 % )
        Info: Total interconnect delay = 1.400 ns ( 30.43 % )
Info: Quartus II Classic Timing Analyzer was successful. 0 errors, 2 warnings
    Info: Peak virtual memory: 187 megabytes
    Info: Processing ended: Tue Sep 19 03:08:42 2023
    Info: Elapsed time: 00:00:01
    Info: Total CPU time (on all processors): 00:00:00


